[2023-10-21T00:03:02.251388+00:00] AWT.INFO: Request::process--- request received --applications--- parameters:"{\n    \"order\":{\"name\":\"asc\"},\n    \"paging\": {\"start\":0, \"end\": 2}\n}"
[2023-10-21T00:03:02.252028+00:00] AWT.DEBUG: Authorization::checkPermissionsubResource [/] method [GET]
[2023-10-21T00:03:02.252089+00:00] AWT.ERROR: Authorization::checkPermissionsubResource sub resource no permission granted
[2023-10-21T00:03:22.228913+00:00] AWT.INFO: Request::process--- request received --applications--- parameters:"{\n    \"order\":{\"name\":\"asc\"},\n    \"paging\": {\"start\":0, \"end\": 2}\n}"
[2023-10-21T00:03:22.229320+00:00] AWT.DEBUG: Authorization::checkPermissionsubResource [empty] method [GET]
[2023-10-21T00:03:22.229400+00:00] AWT.DEBUG: getAllApplications() orderSql: ORDER BY name asc
[2023-10-21T00:03:22.229432+00:00] AWT.DEBUG: getAllApplications() pagingSql: LIMIT 0, 2
[2023-10-21T00:03:59.563297+00:00] AWT.INFO: Request::process--- request received --applications--- parameters:"{\n    \"order\":{\"name\":\"asc\"},\n    \"paging\": {\"start\":0, \"end\": 2}\n}"
[2023-10-21T00:03:59.563849+00:00] AWT.DEBUG: Authorization::checkPermissionsubResource [/] method [GET]
[2023-10-21T00:03:59.563959+00:00] AWT.ERROR: Authorization::checkPermissionsubResource sub resource no permission granted
[2023-10-21T00:04:14.721183+00:00] AWT.INFO: Request::process--- request received --applications--- parameters:"{\n    \"order\":{\"name\":\"asc\"},\n    \"paging\": {\"start\":0, \"end\": 2}\n}"
[2023-10-21T00:04:14.721613+00:00] AWT.DEBUG: Authorization::checkPermissionsubResource [/] method [GET]
[2023-10-21T00:04:14.721702+00:00] AWT.ERROR: Authorization::checkPermissionsubResource sub resource no permission granted
[2023-10-21T00:05:15.876584+00:00] AWT.INFO: Request::process--- request received --applications--- parameters:"{\n    \"order\":{\"name\":\"asc\"},\n    \"paging\": {\"start\":0, \"end\": 2}\n}"
[2023-10-21T00:05:15.877020+00:00] AWT.DEBUG: Authorization::checkPermissionsubResource [/] method [GET]
[2023-10-21T00:06:31.537613+00:00] AWT.INFO: Request::process--- request received --applications--- parameters:"{\n    \"applicant_id\": 2,\n    \"form_id\": 2,\n    \"name\": \"John Doe\",\n    \"address\": \"123 Main Street\",\n    \"area\": \"Suburbia\",\n    \"district\": \"Downtown\",\n    \"country\": \"USA\",\n    \"city_town_village\": \"Smallville\",\n    \"date_of_birth\": \"1990-01-01\",\n    \"age\": 30,\n    \"nationality\": \"American\",\n    \"pep_status\": true,\n    \"start_date\": \"2023-01-01\",\n    \"end_date\": \"2023-12-31\",\n    \"institution_id\": 456\n}\n"
[2023-10-21T00:06:31.538631+00:00] AWT.DEBUG: Authorization::checkPermissionsubResource [empty] method [POST]
[2023-10-21T00:06:31.574503+00:00] AWT.ERROR: [mysqli_sql_exception: Duplicate entry '2' for key 'applications.PRIMARY' in /var/www/html/classes/class.applications.php:355 Stack trace: #0 /var/www/html/classes/class.applications.php(355): mysqli_stmt->execute(Array) #1 /var/www/html/classes/class.applications.php(72): Applications->InputNewApplication(Array) #2 /var/www/html/classes/class.request.php(69): Applications->POST(Array) #3 /var/www/html/index.php(20): Request->process(Array, Array) #4 {main}]
[2023-10-21T00:06:43.917361+00:00] AWT.INFO: Request::process--- request received --applications--- parameters:"{\n    \"applicant_id\": 2,\n    \"form_id\": 3,\n    \"name\": \"John Doe\",\n    \"address\": \"123 Main Street\",\n    \"area\": \"Suburbia\",\n    \"district\": \"Downtown\",\n    \"country\": \"USA\",\n    \"city_town_village\": \"Smallville\",\n    \"date_of_birth\": \"1990-01-01\",\n    \"age\": 30,\n    \"nationality\": \"American\",\n    \"pep_status\": true,\n    \"start_date\": \"2023-01-01\",\n    \"end_date\": \"2023-12-31\",\n    \"institution_id\": 456\n}\n"
[2023-10-21T00:06:43.918131+00:00] AWT.DEBUG: Authorization::checkPermissionsubResource [empty] method [POST]
[2023-10-21T00:07:18.999533+00:00] AWT.INFO: Request::process--- request received --applications--- parameters:"{\n    \"name\": \"ronan James\",\n    \"address\": \"123 Main Street\",\n    \"area\": \"Suburbia\",\n    \"district\": \"Downtown\",\n    \"country\": \"USA\",\n    \"city_town_village\": \"Smallville\",\n    \"date_of_birth\": \"1990-01-01\",\n    \"age\": 30,\n    \"nationality\": \"American\",\n    \"pep_status\": true,\n    \"start_date\": \"2023-01-01\",\n    \"end_date\": \"2023-12-31\",\n    \"institution_id\": 456\n}\n"
[2023-10-21T00:07:19.000434+00:00] AWT.DEBUG: Authorization::checkPermissionsubResource [/] method [PUT]
[2023-10-21T00:07:52.297942+00:00] AWT.INFO: Request::process--- request received --applications--- parameters:"{\n    \"name\": \"ronan James\",\n    \"address\": \"123 Main Street\",\n    \"area\": \"Suburbia\",\n    \"district\": \"Downtown\",\n    \"country\": \"USA\",\n    \"city_town_village\": \"Smallville\",\n    \"date_of_birth\": \"1990-01-01\",\n    \"age\": 30,\n    \"nationality\": \"American\",\n    \"pep_status\": true,\n    \"start_date\": \"2023-01-01\",\n    \"end_date\": \"2023-12-31\",\n    \"institution_id\": 456\n}\n"
[2023-10-21T00:07:52.298407+00:00] AWT.DEBUG: Authorization::checkPermissionsubResource [/] method [PUT]
[2023-10-21T00:07:52.305289+00:00] AWT.ERROR: [Exception: No records were updated. The Form ID may not exist in the table. in /var/www/html/classes/class.applications.php:480 Stack trace: #0 /var/www/html/classes/class.applications.php(110): Applications->UpdateApplication(Array, '2') #1 /var/www/html/classes/class.request.php(69): Applications->PUT(Array) #2 /var/www/html/index.php(20): Request->process(Array, Array) #3 {main}]
[2023-10-21T00:08:07.029477+00:00] AWT.INFO: Request::process--- request received --applications--- parameters:"{\n    \"name\": \"ronan orion\",\n    \"address\": \"123 Main Street\",\n    \"area\": \"Suburbia\",\n    \"district\": \"Downtown\",\n    \"country\": \"USA\",\n    \"city_town_village\": \"Smallville\",\n    \"date_of_birth\": \"1990-01-01\",\n    \"age\": 30,\n    \"nationality\": \"American\",\n    \"pep_status\": true,\n    \"start_date\": \"2023-01-01\",\n    \"end_date\": \"2023-12-31\",\n    \"institution_id\": 456\n}\n"
[2023-10-21T00:08:07.029832+00:00] AWT.DEBUG: Authorization::checkPermissionsubResource [/] method [PUT]
[2023-10-21T00:08:22.494779+00:00] AWT.INFO: Request::process--- request received --applications--- parameters:""
[2023-10-21T00:08:22.495073+00:00] AWT.DEBUG: Authorization::checkPermissionsubResource [/] method [DELETE]
[2023-10-21T00:08:22.517604+00:00] AWT.ERROR: [mysqli_sql_exception: Cannot delete or update a parent row: a foreign key constraint fails (`awt`.`applicantverification`, CONSTRAINT `applicantverification_ibfk_1` FOREIGN KEY (`Form_ID`) REFERENCES `applications` (`Form_ID`)) in /var/www/html/classes/class.applications.php:506 Stack trace: #0 /var/www/html/classes/class.applications.php(506): mysqli_stmt->execute(Array) #1 /var/www/html/classes/class.applications.php(145): Applications->deleteUser('2') #2 /var/www/html/classes/class.request.php(69): Applications->DELETE(Array) #3 /var/www/html/index.php(20): Request->process(Array, Array) #4 {main}]
[2023-10-21T00:08:29.935855+00:00] AWT.INFO: Request::process--- request received --applications--- parameters:""
[2023-10-21T00:08:29.936167+00:00] AWT.DEBUG: Authorization::checkPermissionsubResource [/] method [DELETE]
[2023-10-21T01:04:31.986309+00:00] AWT.INFO: Request::process--- request received --applicantverification--- parameters:"{\n    \"Form_ID\": 1,\n    \"Proof_Of_Address\": \"Base64EncodedBlobData1\",\n    \"ID_Type\": \"Passport\",\n    \"ID_Number\": 456789,\n    \"ID_Pic\": \"Base64EncodedBlobData2\"\n}"
[2023-10-21T01:04:31.991018+00:00] AWT.DEBUG: Authorization::checkPermissionsubResource [/] method [POST]
[2023-10-21T01:05:15.542026+00:00] AWT.INFO: Request::process--- request received --contactinfo--- parameters:"{\n    \"Form_ID\": 1,\n    \"HomePhone\": \"555-123-4567\",\n    \"WorkPhone\": \"555-987-6543\",\n    \"CellPhone\": \"555-555-5555\",\n    \"Other\": \"Some other contact information\",\n    \"Email\": \"example@example.com\"\n}"
[2023-10-21T01:05:15.543807+00:00] AWT.DEBUG: Authorization::checkPermissionsubResource [/] method [POST]
[2023-10-21T01:05:27.850517+00:00] AWT.INFO: Request::process--- request received --contactinfo--- parameters:"{\n    \"Form_ID\": 1,\n    \"HomePhone\": \"555-123-4567\",\n    \"WorkPhone\": \"555-987-6543\",\n    \"CellPhone\": \"555-555-5555\",\n    \"Other\": \"Some other contact information\",\n    \"Email\": \"example@example.com\"\n}"
[2023-10-21T01:05:27.850915+00:00] AWT.DEBUG: Authorization::checkPermissionsubResource [/] method [POST]
[2023-10-21T01:05:27.863403+00:00] AWT.ERROR: [mysqli_sql_exception: Duplicate entry '1' for key 'applicantcontactinfo.applicantcontactinfo_UN' in /var/www/html/classes/class.applicantcontactinfo.php:243 Stack trace: #0 /var/www/html/classes/class.applicantcontactinfo.php(243): mysqli_stmt->execute(Array) #1 /var/www/html/classes/class.applicantcontactinfo.php(74): ApplicantContactInfo->InputContactInfo(Array) #2 /var/www/html/classes/class.request.php(69): ApplicantContactInfo->POST(Array) #3 /var/www/html/index.php(20): Request->process(Array, Array) #4 {main}]
[2023-10-21T01:05:56.556558+00:00] AWT.INFO: Request::process--- request received --financialprofile--- parameters:"{\n  \"Form_ID\": 1,\n  \"living_status\": \"Rent\",\n  \"at_currently_address_yrs\": 2,\n  \"at_currently_address_months\": 8,\n  \"residents_in_home\": 4,\n  \"dependents\": 3,\n  \"employment_status\": \"Self-Employed\",\n  \"occupation\": \"Teacher\",\n  \"source_of_income\": \"Business\",\n  \"income_amount\": 75000,\n  \"monthly_income\": 6000,\n  \"total_household_income_annually\": 90000\n}\n"
[2023-10-21T01:05:56.556870+00:00] AWT.DEBUG: Authorization::checkPermissionsubResource [/] method [POST]
[2023-10-21T01:06:46.248496+00:00] AWT.INFO: Request::process--- request received --applicantverification--- parameters:"{\n    \"Form_ID\": 1,\n    \"Proof_Of_Address\": \"Base64EncodedBlobData1\",\n    \"ID_Type\": \"Passport\",\n    \"ID_Number\": 456789,\n    \"ID_Pic\": \"Base64EncodedBlobData2\"\n}"
[2023-10-21T01:06:46.248875+00:00] AWT.DEBUG: Authorization::checkPermissionsubResource [/] method [POST]
[2023-10-21T01:07:34.694320+00:00] AWT.INFO: Request::process--- request received --futureacademicdetails--- parameters:"{\n  \"Form_ID\": 1,\n  \"Degree_Type\": \"Bachelor of Science\",\n  \"Major\": \"Computer Science\",\n  \"Major_Duration\": \"4 years\",\n  \"Financing_Start_Date\": \"2020-09-01\",\n  \"Financing_End_Date\": \"2024-05-30\",\n  \"Institution_Name\": \"University of Dummyville\",\n  \"Location\": \"Dummyville, USA\"\n}"
[2023-10-21T01:07:34.698772+00:00] AWT.DEBUG: Authorization::checkPermissionsubResource [/] method [POST]
[2023-10-21T01:08:26.333460+00:00] AWT.INFO: Request::process--- request received --pastacademicdetails--- parameters:"{\n    \"Form_ID\": 1,\n    \"Recent_Education\": \"Master's in Business Administration\",\n    \"Degree_Earned\": \"Master of Business Administration\",\n    \"Qualification_Earned\": \"MBA in Finance\"\n}"
[2023-10-21T01:08:26.333872+00:00] AWT.DEBUG: Authorization::checkPermissionsubResource [/] method [POST]
[2023-10-21T01:09:03.884353+00:00] AWT.INFO: Request::process--- request received --reference--- parameters:"{\n    \"Form_ID\": 2,\n    \"name\": \"John Doe\",\n    \"email\": \"johndoe@example.com\",\n    \"phone_number\": \"123-456-7890\",\n    \"relation\": \"Friend\",\n    \"real_estate_collateral\": 1\n}"
[2023-10-21T01:09:03.887431+00:00] AWT.DEBUG: Authorization::checkPermissionsubResource [/] method [POST]
[2023-10-21T01:09:55.443459+00:00] AWT.INFO: Request::process--- request received --reference--- parameters:"{\n    \"Form_ID\": 1,\n    \"name\": \"John Doe\",\n    \"email\": \"johndoe@example.com\",\n    \"phone_number\": \"123-456-7890\",\n    \"relation\": \"Friend\",\n    \"real_estate_collateral\": 1\n}"
[2023-10-21T01:09:55.443826+00:00] AWT.DEBUG: Authorization::checkPermissionsubResource [/] method [POST]
